<?xml version="1.0" encoding="UTF-8"?>
<testng-results skipped="1" failed="0" total="1" passed="0">
  <reporter-output>
  </reporter-output>
  <suite name="SuiteA" duration-ms="47" started-at="2018-04-18T10:06:16Z" finished-at="2018-04-18T10:06:17Z">
    <groups>
    </groups>
    <test name="Create Sub Project" duration-ms="47" started-at="2018-04-18T10:06:16Z" finished-at="2018-04-18T10:06:17Z">
      <class name="com.rb.promise.pageObjectsTests.CreateSubProjectTest">
        <test-method status="FAIL" signature="beforeSuite()[pri:0, instance:com.rb.promise.pageObjectsTests.CreateSubProjectTest@2b6856dd]" name="beforeSuite" is-config="true" duration-ms="0" started-at="2018-04-18T15:36:16Z" finished-at="2018-04-18T15:36:16Z">
          <exception class="java.lang.IllegalStateException">
            <message>
              <![CDATA[The path to the driver executable must be set by the webdriver.gecko.driver system property; for more information, see https://github.com/mozilla/geckodriver. The latest version can be downloaded from https://github.com/mozilla/geckodriver/releases]]>
            </message>
            <full-stacktrace>
              <![CDATA[java.lang.IllegalStateException: The path to the driver executable must be set by the webdriver.gecko.driver system property; for more information, see https://github.com/mozilla/geckodriver. The latest version can be downloaded from https://github.com/mozilla/geckodriver/releases
	at com.google.common.base.Preconditions.checkState(Preconditions.java:738)
	at org.openqa.selenium.remote.service.DriverService.findExecutable(DriverService.java:124)
	at org.openqa.selenium.firefox.GeckoDriverService.access$100(GeckoDriverService.java:41)
	at org.openqa.selenium.firefox.GeckoDriverService$Builder.findDefaultExecutable(GeckoDriverService.java:115)
	at org.openqa.selenium.remote.service.DriverService$Builder.build(DriverService.java:330)
	at org.openqa.selenium.firefox.FirefoxDriver.toExecutor(FirefoxDriver.java:207)
	at org.openqa.selenium.firefox.FirefoxDriver.<init>(FirefoxDriver.java:108)
	at org.openqa.selenium.firefox.FirefoxDriver.<init>(FirefoxDriver.java:104)
	at com.rb.promise.base.BaseTest.getBrowser(BaseTest.java:79)
	at com.rb.promise.pageObjectsTests.CreateSubProjectTest.beforeSuite(CreateSubProjectTest.java:24)
	at sun.reflect.NativeMethodAccessorImpl.invoke0(Native Method)
	at sun.reflect.NativeMethodAccessorImpl.invoke(Unknown Source)
	at sun.reflect.DelegatingMethodAccessorImpl.invoke(Unknown Source)
	at java.lang.reflect.Method.invoke(Unknown Source)
	at org.testng.internal.MethodInvocationHelper.invokeMethod(MethodInvocationHelper.java:100)
	at org.testng.internal.Invoker.invokeConfigurationMethod(Invoker.java:515)
	at org.testng.internal.Invoker.invokeConfigurations(Invoker.java:216)
	at org.testng.internal.Invoker.invokeConfigurations(Invoker.java:143)
	at org.testng.SuiteRunner.privateRun(SuiteRunner.java:305)
	at org.testng.SuiteRunner.run(SuiteRunner.java:268)
	at org.testng.SuiteRunnerWorker.runSuite(SuiteRunnerWorker.java:52)
	at org.testng.SuiteRunnerWorker.run(SuiteRunnerWorker.java:86)
	at org.testng.TestNG.runSuitesSequentially(TestNG.java:1264)
	at org.testng.TestNG.runSuitesLocally(TestNG.java:1189)
	at org.testng.TestNG.runSuites(TestNG.java:1104)
	at org.testng.TestNG.run(TestNG.java:1076)
	at org.testng.remote.AbstractRemoteTestNG.run(AbstractRemoteTestNG.java:126)
	at org.testng.remote.RemoteTestNG.initAndRun(RemoteTestNG.java:152)
	at org.testng.remote.RemoteTestNG.main(RemoteTestNG.java:57)
]]>
            </full-stacktrace>
          </exception> <!-- java.lang.IllegalStateException -->
          <reporter-output>
          </reporter-output>
        </test-method> <!-- beforeSuite -->
        <test-method status="SKIP" signature="CreateSubProject001Test()[pri:0, instance:com.rb.promise.pageObjectsTests.CreateSubProjectTest@2b6856dd]" name="CreateSubProject001Test" duration-ms="0" started-at="2018-04-18T15:36:17Z" finished-at="2018-04-18T15:36:17Z">
          <reporter-output>
          </reporter-output>
        </test-method> <!-- CreateSubProject001Test -->
        <test-method status="SKIP" signature="afterSuite()[pri:0, instance:com.rb.promise.pageObjectsTests.CreateSubProjectTest@2b6856dd]" name="afterSuite" is-config="true" duration-ms="0" started-at="2018-04-18T15:36:17Z" finished-at="2018-04-18T15:36:17Z">
          <reporter-output>
          </reporter-output>
        </test-method> <!-- afterSuite -->
      </class> <!-- com.rb.promise.pageObjectsTests.CreateSubProjectTest -->
    </test> <!-- Create Sub Project -->
  </suite> <!-- SuiteA -->
</testng-results>
